# JRE version: OpenJDK Runtime Environment (16.0.1+9) (build 16.0.1+9-24)
# Java VM: OpenJDK 64-Bit Server VM (16.0.1+9-24, mixed mode, tiered, compressed oops, compressed class ptrs, g1 gc, windows-amd64)
GC Precious Log:
 CPUs: 12 total, 12 available
 Memory: 7399M
 Large Page Support: Disabled
 NUMA Support: Disabled
 Compressed Oops: Enabled (32-bit)
 Heap Region Size: 1M
 Heap Min Capacity: 8M
 Heap Initial Capacity: 116M
 Heap Max Capacity: 1850M
 Pre-touch: Disabled
 Parallel Workers: 10
 Concurrent Workers: 3
 Concurrent Refinement Workers: 10
 Periodic GC: Disabled
Heap:
 garbage-first heap   total 135168K, used 80408K [0x000000008c600000, 0x0000000100000000)
  region size 1024K, 40 young (40960K), 7 survivors (7168K)
 Metaspace       used 64092K, committed 64640K, reserved 1105920K
  class space    used 8409K, committed 8704K, reserved 1048576K
GC Heap History (20 events):
Event: 13.254 GC heap before
{Heap before GC invocations=16 (full 0):
 garbage-first heap   total 86016K, used 73657K [0x000000008c600000, 0x0000000100000000)
  region size 1024K, 38 young (38912K), 4 survivors (4096K)
 Metaspace       used 52707K, committed 53184K, reserved 1097728K
  class space    used 6876K, committed 7104K, reserved 1048576K
}
Event: 13.262 GC heap after
{Heap after GC invocations=17 (full 0):
 garbage-first heap   total 86016K, used 36062K [0x000000008c600000, 0x0000000100000000)
  region size 1024K, 5 young (5120K), 5 survivors (5120K)
 Metaspace       used 52707K, committed 53184K, reserved 1097728K
  class space    used 6876K, committed 7104K, reserved 1048576K
}
Event: 13.286 GC heap before
{Heap before GC invocations=17 (full 0):
 garbage-first heap   total 86016K, used 66782K [0x000000008c600000, 0x0000000100000000)
  region size 1024K, 36 young (36864K), 5 survivors (5120K)
 Metaspace       used 52707K, committed 53184K, reserved 1097728K
  class space    used 6876K, committed 7104K, reserved 1048576K
}
Event: 13.291 GC heap after
{Heap after GC invocations=18 (full 0):
 garbage-first heap   total 86016K, used 36956K [0x000000008c600000, 0x0000000100000000)
  region size 1024K, 1 young (1024K), 1 survivors (1024K)
 Metaspace       used 52707K, committed 53184K, reserved 1097728K
  class space    used 6876K, committed 7104K, reserved 1048576K
}
Event: 13.375 GC heap before
{Heap before GC invocations=18 (full 0):
 garbage-first heap   total 86016K, used 59484K [0x000000008c600000, 0x0000000100000000)
  region size 1024K, 24 young (24576K), 1 survivors (1024K)
 Metaspace       used 53144K, committed 53568K, reserved 1097728K
  class space    used 6915K, committed 7104K, reserved 1048576K
}
Event: 13.378 GC heap after
{Heap after GC invocations=19 (full 0):
 garbage-first heap   total 135168K, used 37640K [0x000000008c600000, 0x0000000100000000)
  region size 1024K, 1 young (1024K), 1 survivors (1024K)
 Metaspace       used 53144K, committed 53568K, reserved 1097728K
  class space    used 6915K, committed 7104K, reserved 1048576K
}
Event: 13.647 GC heap before
{Heap before GC invocations=19 (full 0):
 garbage-first heap   total 135168K, used 110344K [0x000000008c600000, 0x0000000100000000)
  region size 1024K, 69 young (70656K), 1 survivors (1024K)
 Metaspace       used 53690K, committed 54080K, reserved 1097728K
  class space    used 6997K, committed 7168K, reserved 1048576K
}
Event: 13.650 GC heap after
{Heap after GC invocations=20 (full 0):
 garbage-first heap   total 135168K, used 36945K [0x000000008c600000, 0x0000000100000000)
  region size 1024K, 1 young (1024K), 1 survivors (1024K)
 Metaspace       used 53690K, committed 54080K, reserved 1097728K
  class space    used 6997K, committed 7168K, reserved 1048576K
}
Event: 14.536 GC heap before
{Heap before GC invocations=20 (full 0):
 garbage-first heap   total 135168K, used 112721K [0x000000008c600000, 0x0000000100000000)
  region size 1024K, 75 young (76800K), 1 survivors (1024K)
 Metaspace       used 54902K, committed 55360K, reserved 1097728K
  class space    used 7199K, committed 7424K, reserved 1048576K
}
Event: 14.543 GC heap after
{Heap after GC invocations=21 (full 0):
 garbage-first heap   total 135168K, used 38741K [0x000000008c600000, 0x0000000100000000)
  region size 1024K, 3 young (3072K), 3 survivors (3072K)
 Metaspace       used 54902K, committed 55360K, reserved 1097728K
  class space    used 7199K, committed 7424K, reserved 1048576K
}
Event: 15.583 GC heap before
{Heap before GC invocations=21 (full 0):
 garbage-first heap   total 135168K, used 111445K [0x000000008c600000, 0x0000000100000000)
  region size 1024K, 74 young (75776K), 3 survivors (3072K)
 Metaspace       used 57718K, committed 58176K, reserved 1105920K
  class space    used 7574K, committed 7808K, reserved 1048576K
}
Event: 15.591 GC heap after
{Heap after GC invocations=22 (full 0):
 garbage-first heap   total 135168K, used 41393K [0x000000008c600000, 0x0000000100000000)
  region size 1024K, 6 young (6144K), 6 survivors (6144K)
 Metaspace       used 57718K, committed 58176K, reserved 1105920K
  class space    used 7574K, committed 7808K, reserved 1048576K
}
Event: 15.684 GC heap before
{Heap before GC invocations=22 (full 0):
 garbage-first heap   total 135168K, used 46513K [0x000000008c600000, 0x0000000100000000)
  region size 1024K, 12 young (12288K), 6 survivors (6144K)
 Metaspace       used 59075K, committed 59520K, reserved 1105920K
  class space    used 7743K, committed 7936K, reserved 1048576K
}
Event: 15.690 GC heap after
{Heap after GC invocations=23 (full 0):
 garbage-first heap   total 135168K, used 42336K [0x000000008c600000, 0x0000000100000000)
  region size 1024K, 6 young (6144K), 6 survivors (6144K)
 Metaspace       used 59075K, committed 59520K, reserved 1105920K
  class space    used 7743K, committed 7936K, reserved 1048576K
}
Event: 16.461 GC heap before
{Heap before GC invocations=24 (full 0):
 garbage-first heap   total 135168K, used 107872K [0x000000008c600000, 0x0000000100000000)
  region size 1024K, 70 young (71680K), 6 survivors (6144K)
 Metaspace       used 60147K, committed 60608K, reserved 1105920K
  class space    used 7942K, committed 8128K, reserved 1048576K
}
Event: 16.481 GC heap after
{Heap after GC invocations=25 (full 0):
 garbage-first heap   total 135168K, used 44433K [0x000000008c600000, 0x0000000100000000)
  region size 1024K, 6 young (6144K), 6 survivors (6144K)
 Metaspace       used 60147K, committed 60608K, reserved 1105920K
  class space    used 7942K, committed 8128K, reserved 1048576K
}
Event: 17.352 GC heap before
{Heap before GC invocations=25 (full 0):
 garbage-first heap   total 135168K, used 108945K [0x000000008c600000, 0x0000000100000000)
  region size 1024K, 69 young (70656K), 6 survivors (6144K)
 Metaspace       used 61001K, committed 61440K, reserved 1105920K
  class space    used 8046K, committed 8256K, reserved 1048576K
}
Event: 17.365 GC heap after
{Heap after GC invocations=26 (full 0):
 garbage-first heap   total 135168K, used 46037K [0x000000008c600000, 0x0000000100000000)
  region size 1024K, 5 young (5120K), 5 survivors (5120K)
 Metaspace       used 61001K, committed 61440K, reserved 1105920K
  class space    used 8046K, committed 8256K, reserved 1048576K
}
Event: 18.015 GC heap before
{Heap before GC invocations=26 (full 0):
 garbage-first heap   total 135168K, used 109525K [0x000000008c600000, 0x0000000100000000)
  region size 1024K, 67 young (68608K), 5 survivors (5120K)
 Metaspace       used 61439K, committed 61888K, reserved 1105920K
  class space    used 8116K, committed 8320K, reserved 1048576K
}
Event: 18.025 GC heap after
{Heap after GC invocations=27 (full 0):
 garbage-first heap   total 135168K, used 47640K [0x000000008c600000, 0x0000000100000000)
  region size 1024K, 7 young (7168K), 7 survivors (7168K)
 Metaspace       used 61439K, committed 61888K, reserved 1105920K
  class space    used 8116K, committed 8320K, reserved 1048576K
}

